[0.625s] DEBUG:colcon:Command line arguments: ['/usr/bin/colcon', 'build', '--symlink-install']
[0.625s] DEBUG:colcon:Parsed command line arguments: Namespace(log_base=None, log_level=None, verb_name='build', build_base='build', install_base='install', merge_install=False, symlink_install=True, test_result_base=None, continue_on_error=False, executor='parallel', parallel_workers=8, event_handlers=None, ignore_user_meta=False, metas=['./colcon.meta'], base_paths=['.'], packages_ignore=None, packages_ignore_regex=None, paths=None, packages_up_to=None, packages_up_to_regex=None, packages_above=None, packages_above_and_dependencies=None, packages_above_depth=None, packages_select_by_dep=None, packages_skip_by_dep=None, packages_skip_up_to=None, packages_select_build_failed=False, packages_skip_build_finished=False, packages_select_test_failures=False, packages_skip_test_passed=False, packages_select=None, packages_skip=None, packages_select_regex=None, packages_skip_regex=None, packages_start=None, packages_end=None, allow_overriding=[], cmake_args=None, cmake_target=None, cmake_target_skip_unavailable=False, cmake_clean_cache=False, cmake_clean_first=False, cmake_force_configure=False, ament_cmake_args=None, catkin_cmake_args=None, catkin_skip_building_tests=False, verb_parser=<colcon_defaults.argument_parser.defaults.DefaultArgumentsDecorator object at 0x7f5113cc8640>, verb_extension=<colcon_core.verb.build.BuildVerb object at 0x7f5113cc8070>, main=<bound method BuildVerb.main of <colcon_core.verb.build.BuildVerb object at 0x7f5113cc8070>>)
[0.680s] Level 1:colcon.colcon_core.package_discovery:discover_packages(colcon_meta) check parameters
[0.680s] Level 1:colcon.colcon_core.package_discovery:discover_packages(recursive) check parameters
[0.680s] Level 1:colcon.colcon_core.package_discovery:discover_packages(ignore) check parameters
[0.680s] Level 1:colcon.colcon_core.package_discovery:discover_packages(path) check parameters
[0.680s] Level 1:colcon.colcon_core.package_discovery:discover_packages(colcon_meta) discover
[0.680s] Level 1:colcon.colcon_core.package_discovery:discover_packages(recursive) discover
[0.680s] INFO:colcon.colcon_core.package_discovery:Crawling recursively for packages in '/home/luiz/2D_mapping'
[0.680s] Level 1:colcon.colcon_core.package_identification:_identify(.) by extensions ['ignore', 'ignore_ament_install']
[0.680s] Level 1:colcon.colcon_core.package_identification:_identify(.) by extension 'ignore'
[0.681s] Level 1:colcon.colcon_core.package_identification:_identify(.) by extension 'ignore_ament_install'
[0.681s] Level 1:colcon.colcon_core.package_identification:_identify(.) by extensions ['colcon_pkg']
[0.681s] Level 1:colcon.colcon_core.package_identification:_identify(.) by extension 'colcon_pkg'
[0.681s] Level 1:colcon.colcon_core.package_identification:_identify(.) by extensions ['colcon_meta']
[0.681s] Level 1:colcon.colcon_core.package_identification:_identify(.) by extension 'colcon_meta'
[0.681s] Level 1:colcon.colcon_core.package_identification:_identify(.) by extensions ['ros']
[0.681s] Level 1:colcon.colcon_core.package_identification:_identify(.) by extension 'ros'
[0.694s] Level 1:colcon.colcon_core.package_identification:_identify(.) by extensions ['cmake', 'python']
[0.694s] Level 1:colcon.colcon_core.package_identification:_identify(.) by extension 'cmake'
[0.694s] Level 1:colcon.colcon_core.package_identification:_identify(.) by extension 'python'
[0.694s] Level 1:colcon.colcon_core.package_identification:_identify(.) by extensions ['python_setup_py']
[0.694s] Level 1:colcon.colcon_core.package_identification:_identify(.) by extension 'python_setup_py'
[0.694s] Level 1:colcon.colcon_core.package_identification:_identify(build) by extensions ['ignore', 'ignore_ament_install']
[0.695s] Level 1:colcon.colcon_core.package_identification:_identify(build) by extension 'ignore'
[0.695s] Level 1:colcon.colcon_core.package_identification:_identify(build) ignored
[0.695s] Level 1:colcon.colcon_core.package_identification:_identify(install) by extensions ['ignore', 'ignore_ament_install']
[0.695s] Level 1:colcon.colcon_core.package_identification:_identify(install) by extension 'ignore'
[0.695s] Level 1:colcon.colcon_core.package_identification:_identify(install) ignored
[0.695s] Level 1:colcon.colcon_core.package_identification:_identify(log) by extensions ['ignore', 'ignore_ament_install']
[0.695s] Level 1:colcon.colcon_core.package_identification:_identify(log) by extension 'ignore'
[0.695s] Level 1:colcon.colcon_core.package_identification:_identify(log) ignored
[0.695s] Level 1:colcon.colcon_core.package_identification:_identify(src) by extensions ['ignore', 'ignore_ament_install']
[0.695s] Level 1:colcon.colcon_core.package_identification:_identify(src) by extension 'ignore'
[0.695s] Level 1:colcon.colcon_core.package_identification:_identify(src) by extension 'ignore_ament_install'
[0.696s] Level 1:colcon.colcon_core.package_identification:_identify(src) by extensions ['colcon_pkg']
[0.696s] Level 1:colcon.colcon_core.package_identification:_identify(src) by extension 'colcon_pkg'
[0.696s] Level 1:colcon.colcon_core.package_identification:_identify(src) by extensions ['colcon_meta']
[0.696s] Level 1:colcon.colcon_core.package_identification:_identify(src) by extension 'colcon_meta'
[0.696s] Level 1:colcon.colcon_core.package_identification:_identify(src) by extensions ['ros']
[0.696s] Level 1:colcon.colcon_core.package_identification:_identify(src) by extension 'ros'
[0.696s] Level 1:colcon.colcon_core.package_identification:_identify(src) by extensions ['cmake', 'python']
[0.696s] Level 1:colcon.colcon_core.package_identification:_identify(src) by extension 'cmake'
[0.696s] Level 1:colcon.colcon_core.package_identification:_identify(src) by extension 'python'
[0.696s] Level 1:colcon.colcon_core.package_identification:_identify(src) by extensions ['python_setup_py']
[0.696s] Level 1:colcon.colcon_core.package_identification:_identify(src) by extension 'python_setup_py'
[0.697s] Level 1:colcon.colcon_core.package_identification:_identify(src/2d_mapping) by extensions ['ignore', 'ignore_ament_install']
[0.698s] Level 1:colcon.colcon_core.package_identification:_identify(src/2d_mapping) by extension 'ignore'
[0.699s] Level 1:colcon.colcon_core.package_identification:_identify(src/2d_mapping) by extension 'ignore_ament_install'
[0.699s] Level 1:colcon.colcon_core.package_identification:_identify(src/2d_mapping) by extensions ['colcon_pkg']
[0.700s] Level 1:colcon.colcon_core.package_identification:_identify(src/2d_mapping) by extension 'colcon_pkg'
[0.700s] Level 1:colcon.colcon_core.package_identification:_identify(src/2d_mapping) by extensions ['colcon_meta']
[0.700s] Level 1:colcon.colcon_core.package_identification:_identify(src/2d_mapping) by extension 'colcon_meta'
[0.701s] Level 1:colcon.colcon_core.package_identification:_identify(src/2d_mapping) by extensions ['ros']
[0.701s] Level 1:colcon.colcon_core.package_identification:_identify(src/2d_mapping) by extension 'ros'
[0.706s] DEBUG:colcon.colcon_core.package_identification:Package 'src/2d_mapping' with type 'ros.ament_python' and name '2d_mapping'
[0.706s] Level 1:colcon.colcon_core.package_discovery:discover_packages(recursive) using defaults
[0.706s] Level 1:colcon.colcon_core.package_discovery:discover_packages(ignore) discover
[0.707s] Level 1:colcon.colcon_core.package_discovery:discover_packages(ignore) using defaults
[0.707s] Level 1:colcon.colcon_core.package_discovery:discover_packages(path) discover
[0.707s] Level 1:colcon.colcon_core.package_discovery:discover_packages(path) using defaults
[0.744s] Level 1:colcon.colcon_core.package_discovery:discover_packages(prefix_path) check parameters
[0.744s] Level 1:colcon.colcon_core.package_discovery:discover_packages(prefix_path) discover
[0.749s] DEBUG:colcon.colcon_installed_package_information.package_discovery:Found 1 installed packages in /home/luiz/2D_mapping/install
[0.751s] DEBUG:colcon.colcon_installed_package_information.package_discovery:Found 307 installed packages in /opt/ros/humble
[0.753s] Level 1:colcon.colcon_core.package_discovery:discover_packages(prefix_path) using defaults
[0.886s] Level 5:colcon.colcon_core.verb:set package '2d_mapping' build argument 'cmake_args' from command line to 'None'
[0.886s] Level 5:colcon.colcon_core.verb:set package '2d_mapping' build argument 'cmake_target' from command line to 'None'
[0.886s] Level 5:colcon.colcon_core.verb:set package '2d_mapping' build argument 'cmake_target_skip_unavailable' from command line to 'False'
[0.886s] Level 5:colcon.colcon_core.verb:set package '2d_mapping' build argument 'cmake_clean_cache' from command line to 'False'
[0.886s] Level 5:colcon.colcon_core.verb:set package '2d_mapping' build argument 'cmake_clean_first' from command line to 'False'
[0.886s] Level 5:colcon.colcon_core.verb:set package '2d_mapping' build argument 'cmake_force_configure' from command line to 'False'
[0.886s] Level 5:colcon.colcon_core.verb:set package '2d_mapping' build argument 'ament_cmake_args' from command line to 'None'
[0.886s] Level 5:colcon.colcon_core.verb:set package '2d_mapping' build argument 'catkin_cmake_args' from command line to 'None'
[0.886s] Level 5:colcon.colcon_core.verb:set package '2d_mapping' build argument 'catkin_skip_building_tests' from command line to 'False'
[0.886s] DEBUG:colcon.colcon_core.verb:Building package '2d_mapping' with the following arguments: {'ament_cmake_args': None, 'build_base': '/home/luiz/2D_mapping/build/2d_mapping', 'catkin_cmake_args': None, 'catkin_skip_building_tests': False, 'cmake_args': None, 'cmake_clean_cache': False, 'cmake_clean_first': False, 'cmake_force_configure': False, 'cmake_target': None, 'cmake_target_skip_unavailable': False, 'install_base': '/home/luiz/2D_mapping/install/2d_mapping', 'merge_install': False, 'path': '/home/luiz/2D_mapping/src/2d_mapping', 'symlink_install': True, 'test_result_base': None}
[0.887s] INFO:colcon.colcon_core.executor:Executing jobs using 'parallel' executor
[0.890s] DEBUG:colcon.colcon_parallel_executor.executor.parallel:run_until_complete
[0.890s] INFO:colcon.colcon_ros.task.ament_python.build:Building ROS package in '/home/luiz/2D_mapping/src/2d_mapping' with build type 'ament_python'
[0.890s] Level 1:colcon.colcon_core.shell:create_environment_hook('2d_mapping', 'ament_prefix_path')
[0.898s] INFO:colcon.colcon_core.plugin_system:Skipping extension 'colcon_core.shell.bat': Not used on non-Windows systems
[0.899s] INFO:colcon.colcon_core.shell:Creating environment hook '/home/luiz/2D_mapping/install/2d_mapping/share/2d_mapping/hook/ament_prefix_path.ps1'
[0.904s] INFO:colcon.colcon_core.shell:Creating environment descriptor '/home/luiz/2D_mapping/install/2d_mapping/share/2d_mapping/hook/ament_prefix_path.dsv'
[0.906s] INFO:colcon.colcon_core.shell:Creating environment hook '/home/luiz/2D_mapping/install/2d_mapping/share/2d_mapping/hook/ament_prefix_path.sh'
[0.908s] INFO:colcon.colcon_core.shell:Skip shell extension 'powershell' for command environment: Not usable outside of PowerShell
[0.908s] DEBUG:colcon.colcon_core.shell:Skip shell extension 'dsv' for command environment
[1.285s] INFO:colcon.colcon_core.task.python.build:Building Python package in '/home/luiz/2D_mapping/src/2d_mapping'
[1.286s] INFO:colcon.colcon_core.shell:Skip shell extension 'powershell' for command environment: Not usable outside of PowerShell
[1.287s] DEBUG:colcon.colcon_core.shell:Skip shell extension 'dsv' for command environment
[1.809s] DEBUG:colcon.colcon_core.event_handler.log_command:Invoking command in '/home/luiz/2D_mapping/build/2d_mapping': PYTHONPATH=/home/luiz/2D_mapping/build/2d_mapping/prefix_override:/home/luiz/2D_mapping/install/2d_mapping/lib/python3.10/site-packages:${PYTHONPATH} /usr/bin/python3 setup.py develop --editable --build-directory /home/luiz/2D_mapping/build/2d_mapping/build --no-deps install_data
[2.499s] Level 1:colcon.colcon_core.shell:create_environment_hook('2d_mapping', 'pythonpath_develop')
[2.500s] DEBUG:colcon.colcon_core.event_handler.log_command:Invoked command in '/home/luiz/2D_mapping/build/2d_mapping' returned '0': PYTHONPATH=/home/luiz/2D_mapping/build/2d_mapping/prefix_override:/home/luiz/2D_mapping/install/2d_mapping/lib/python3.10/site-packages:${PYTHONPATH} /usr/bin/python3 setup.py develop --editable --build-directory /home/luiz/2D_mapping/build/2d_mapping/build --no-deps install_data
[2.501s] INFO:colcon.colcon_core.shell:Creating environment hook '/home/luiz/2D_mapping/build/2d_mapping/share/2d_mapping/hook/pythonpath_develop.ps1'
[2.502s] INFO:colcon.colcon_core.shell:Creating environment descriptor '/home/luiz/2D_mapping/build/2d_mapping/share/2d_mapping/hook/pythonpath_develop.dsv'
[2.502s] INFO:colcon.colcon_core.shell:Creating environment hook '/home/luiz/2D_mapping/build/2d_mapping/share/2d_mapping/hook/pythonpath_develop.sh'
[2.511s] Level 1:colcon.colcon_core.environment:checking '/home/luiz/2D_mapping/install/2d_mapping' for CMake module files
[2.511s] Level 1:colcon.colcon_core.environment:checking '/home/luiz/2D_mapping/install/2d_mapping' for CMake config files
[2.512s] Level 1:colcon.colcon_core.environment:checking '/home/luiz/2D_mapping/install/2d_mapping/lib'
[2.512s] Level 1:colcon.colcon_core.environment:checking '/home/luiz/2D_mapping/install/2d_mapping/bin'
[2.512s] Level 1:colcon.colcon_core.environment:checking '/home/luiz/2D_mapping/install/2d_mapping/lib/pkgconfig/2d_mapping.pc'
[2.512s] Level 1:colcon.colcon_core.environment:checking '/home/luiz/2D_mapping/install/2d_mapping/lib/python3.10/site-packages'
[2.512s] Level 1:colcon.colcon_core.shell:create_environment_hook('2d_mapping', 'pythonpath')
[2.513s] INFO:colcon.colcon_core.shell:Creating environment hook '/home/luiz/2D_mapping/install/2d_mapping/share/2d_mapping/hook/pythonpath.ps1'
[2.514s] INFO:colcon.colcon_core.shell:Creating environment descriptor '/home/luiz/2D_mapping/install/2d_mapping/share/2d_mapping/hook/pythonpath.dsv'
[2.514s] INFO:colcon.colcon_core.shell:Creating environment hook '/home/luiz/2D_mapping/install/2d_mapping/share/2d_mapping/hook/pythonpath.sh'
[2.515s] Level 1:colcon.colcon_core.environment:checking '/home/luiz/2D_mapping/install/2d_mapping/bin'
[2.515s] Level 1:colcon.colcon_core.environment:create_environment_scripts_only(2d_mapping)
[2.516s] INFO:colcon.colcon_core.shell:Creating package script '/home/luiz/2D_mapping/install/2d_mapping/share/2d_mapping/package.ps1'
[2.517s] INFO:colcon.colcon_core.shell:Creating package descriptor '/home/luiz/2D_mapping/install/2d_mapping/share/2d_mapping/package.dsv'
[2.519s] INFO:colcon.colcon_core.shell:Creating package script '/home/luiz/2D_mapping/install/2d_mapping/share/2d_mapping/package.sh'
[2.520s] INFO:colcon.colcon_core.shell:Creating package script '/home/luiz/2D_mapping/install/2d_mapping/share/2d_mapping/package.bash'
[2.521s] INFO:colcon.colcon_core.shell:Creating package script '/home/luiz/2D_mapping/install/2d_mapping/share/2d_mapping/package.zsh'
[2.523s] Level 1:colcon.colcon_core.environment:create_file_with_runtime_dependencies(/home/luiz/2D_mapping/install/2d_mapping/share/colcon-core/packages/2d_mapping)
[2.523s] DEBUG:colcon.colcon_parallel_executor.executor.parallel:closing loop
[2.524s] DEBUG:colcon.colcon_parallel_executor.executor.parallel:loop closed
[2.524s] DEBUG:colcon.colcon_parallel_executor.executor.parallel:run_until_complete finished with '0'
[2.524s] DEBUG:colcon.colcon_core.event_reactor:joining thread
[2.539s] INFO:colcon.colcon_core.plugin_system:Skipping extension 'colcon_notification.desktop_notification.terminal_notifier': Not used on non-Darwin systems
[2.539s] INFO:colcon.colcon_core.plugin_system:Skipping extension 'colcon_notification.desktop_notification.win32': Not used on non-Windows systems
[2.539s] INFO:colcon.colcon_notification.desktop_notification:Sending desktop notification using 'notify2'
[2.602s] DEBUG:colcon.colcon_core.event_reactor:joined thread
[2.604s] INFO:colcon.colcon_core.shell:Creating prefix script '/home/luiz/2D_mapping/install/local_setup.ps1'
[2.606s] INFO:colcon.colcon_core.shell:Creating prefix util module '/home/luiz/2D_mapping/install/_local_setup_util_ps1.py'
[2.608s] INFO:colcon.colcon_core.shell:Creating prefix chain script '/home/luiz/2D_mapping/install/setup.ps1'
[2.610s] INFO:colcon.colcon_core.shell:Creating prefix script '/home/luiz/2D_mapping/install/local_setup.sh'
[2.611s] INFO:colcon.colcon_core.shell:Creating prefix util module '/home/luiz/2D_mapping/install/_local_setup_util_sh.py'
[2.612s] INFO:colcon.colcon_core.shell:Creating prefix chain script '/home/luiz/2D_mapping/install/setup.sh'
[2.614s] INFO:colcon.colcon_core.shell:Creating prefix script '/home/luiz/2D_mapping/install/local_setup.bash'
[2.615s] INFO:colcon.colcon_core.shell:Creating prefix chain script '/home/luiz/2D_mapping/install/setup.bash'
[2.617s] INFO:colcon.colcon_core.shell:Creating prefix script '/home/luiz/2D_mapping/install/local_setup.zsh'
[2.617s] INFO:colcon.colcon_core.shell:Creating prefix chain script '/home/luiz/2D_mapping/install/setup.zsh'
