[1.082s] DEBUG:colcon:Command line arguments: ['/usr/bin/colcon', 'list', '-p', '--base-paths', '/home/miguel/2D_mapping']
[1.082s] DEBUG:colcon:Parsed command line arguments: Namespace(log_base=None, log_level=None, verb_name='list', build_base='build', ignore_user_meta=False, metas=['./colcon.meta'], base_paths=['/home/miguel/2D_mapping'], packages_ignore=None, packages_ignore_regex=None, paths=None, packages_up_to=None, packages_up_to_regex=None, packages_above=None, packages_above_and_dependencies=None, packages_above_depth=None, packages_select_by_dep=None, packages_skip_by_dep=None, packages_skip_up_to=None, packages_select_build_failed=False, packages_skip_build_finished=False, packages_select_test_failures=False, packages_skip_test_passed=False, packages_select=None, packages_skip=None, packages_select_regex=None, packages_skip_regex=None, packages_start=None, packages_end=None, allow_overriding=[], topological_order=False, names_only=False, paths_only=True, topological_graph=False, topological_graph_dot=False, topological_graph_density=False, topological_graph_legend=False, topological_graph_dot_cluster=False, topological_graph_dot_include_skipped=False, verb_parser=<colcon_defaults.argument_parser.defaults.DefaultArgumentsDecorator object at 0x7fe4c03ce4a0>, verb_extension=<colcon_package_information.verb.list.ListVerb object at 0x7fe4c0352d70>, main=<bound method ListVerb.main of <colcon_package_information.verb.list.ListVerb object at 0x7fe4c0352d70>>)
[1.191s] Level 1:colcon.colcon_core.package_discovery:discover_packages(colcon_meta) check parameters
[1.191s] Level 1:colcon.colcon_core.package_discovery:discover_packages(recursive) check parameters
[1.191s] Level 1:colcon.colcon_core.package_discovery:discover_packages(ignore) check parameters
[1.191s] Level 1:colcon.colcon_core.package_discovery:discover_packages(path) check parameters
[1.192s] Level 1:colcon.colcon_core.package_discovery:discover_packages(recursive) discover
[1.192s] INFO:colcon.colcon_core.package_discovery:Crawling recursively for packages in '/home/miguel/2D_mapping'
[1.192s] Level 1:colcon.colcon_core.package_identification:_identify(/home/miguel/2D_mapping) by extensions ['ignore', 'ignore_ament_install']
[1.193s] Level 1:colcon.colcon_core.package_identification:_identify(/home/miguel/2D_mapping) by extension 'ignore'
[1.193s] Level 1:colcon.colcon_core.package_identification:_identify(/home/miguel/2D_mapping) by extension 'ignore_ament_install'
[1.193s] Level 1:colcon.colcon_core.package_identification:_identify(/home/miguel/2D_mapping) by extensions ['colcon_pkg']
[1.193s] Level 1:colcon.colcon_core.package_identification:_identify(/home/miguel/2D_mapping) by extension 'colcon_pkg'
[1.193s] Level 1:colcon.colcon_core.package_identification:_identify(/home/miguel/2D_mapping) by extensions ['colcon_meta']
[1.193s] Level 1:colcon.colcon_core.package_identification:_identify(/home/miguel/2D_mapping) by extension 'colcon_meta'
[1.194s] Level 1:colcon.colcon_core.package_identification:_identify(/home/miguel/2D_mapping) by extensions ['ros']
[1.194s] Level 1:colcon.colcon_core.package_identification:_identify(/home/miguel/2D_mapping) by extension 'ros'
[1.232s] Level 1:colcon.colcon_core.package_identification:_identify(/home/miguel/2D_mapping) by extensions ['cmake', 'python']
[1.232s] Level 1:colcon.colcon_core.package_identification:_identify(/home/miguel/2D_mapping) by extension 'cmake'
[1.232s] Level 1:colcon.colcon_core.package_identification:_identify(/home/miguel/2D_mapping) by extension 'python'
[1.232s] Level 1:colcon.colcon_core.package_identification:_identify(/home/miguel/2D_mapping) by extensions ['python_setup_py']
[1.233s] Level 1:colcon.colcon_core.package_identification:_identify(/home/miguel/2D_mapping) by extension 'python_setup_py'
[1.233s] Level 1:colcon.colcon_core.package_identification:_identify(/home/miguel/2D_mapping/build) by extensions ['ignore', 'ignore_ament_install']
[1.233s] Level 1:colcon.colcon_core.package_identification:_identify(/home/miguel/2D_mapping/build) by extension 'ignore'
[1.234s] Level 1:colcon.colcon_core.package_identification:_identify(/home/miguel/2D_mapping/build) ignored
[1.234s] Level 1:colcon.colcon_core.package_identification:_identify(/home/miguel/2D_mapping/install) by extensions ['ignore', 'ignore_ament_install']
[1.234s] Level 1:colcon.colcon_core.package_identification:_identify(/home/miguel/2D_mapping/install) by extension 'ignore'
[1.234s] Level 1:colcon.colcon_core.package_identification:_identify(/home/miguel/2D_mapping/install) ignored
[1.235s] Level 1:colcon.colcon_core.package_identification:_identify(/home/miguel/2D_mapping/log) by extensions ['ignore', 'ignore_ament_install']
[1.235s] Level 1:colcon.colcon_core.package_identification:_identify(/home/miguel/2D_mapping/log) by extension 'ignore'
[1.235s] Level 1:colcon.colcon_core.package_identification:_identify(/home/miguel/2D_mapping/log) ignored
[1.236s] Level 1:colcon.colcon_core.package_identification:_identify(/home/miguel/2D_mapping/src) by extensions ['ignore', 'ignore_ament_install']
[1.236s] Level 1:colcon.colcon_core.package_identification:_identify(/home/miguel/2D_mapping/src) by extension 'ignore'
[1.236s] Level 1:colcon.colcon_core.package_identification:_identify(/home/miguel/2D_mapping/src) by extension 'ignore_ament_install'
[1.236s] Level 1:colcon.colcon_core.package_identification:_identify(/home/miguel/2D_mapping/src) by extensions ['colcon_pkg']
[1.237s] Level 1:colcon.colcon_core.package_identification:_identify(/home/miguel/2D_mapping/src) by extension 'colcon_pkg'
[1.237s] Level 1:colcon.colcon_core.package_identification:_identify(/home/miguel/2D_mapping/src) by extensions ['colcon_meta']
[1.237s] Level 1:colcon.colcon_core.package_identification:_identify(/home/miguel/2D_mapping/src) by extension 'colcon_meta'
[1.237s] Level 1:colcon.colcon_core.package_identification:_identify(/home/miguel/2D_mapping/src) by extensions ['ros']
[1.237s] Level 1:colcon.colcon_core.package_identification:_identify(/home/miguel/2D_mapping/src) by extension 'ros'
[1.237s] Level 1:colcon.colcon_core.package_identification:_identify(/home/miguel/2D_mapping/src) by extensions ['cmake', 'python']
[1.238s] Level 1:colcon.colcon_core.package_identification:_identify(/home/miguel/2D_mapping/src) by extension 'cmake'
[1.238s] Level 1:colcon.colcon_core.package_identification:_identify(/home/miguel/2D_mapping/src) by extension 'python'
[1.238s] Level 1:colcon.colcon_core.package_identification:_identify(/home/miguel/2D_mapping/src) by extensions ['python_setup_py']
[1.238s] Level 1:colcon.colcon_core.package_identification:_identify(/home/miguel/2D_mapping/src) by extension 'python_setup_py'
[1.238s] Level 1:colcon.colcon_core.package_identification:_identify(/home/miguel/2D_mapping/src/2d_mapping) by extensions ['ignore', 'ignore_ament_install']
[1.239s] Level 1:colcon.colcon_core.package_identification:_identify(/home/miguel/2D_mapping/src/2d_mapping) by extension 'ignore'
[1.239s] Level 1:colcon.colcon_core.package_identification:_identify(/home/miguel/2D_mapping/src/2d_mapping) by extension 'ignore_ament_install'
[1.239s] Level 1:colcon.colcon_core.package_identification:_identify(/home/miguel/2D_mapping/src/2d_mapping) by extensions ['colcon_pkg']
[1.239s] Level 1:colcon.colcon_core.package_identification:_identify(/home/miguel/2D_mapping/src/2d_mapping) by extension 'colcon_pkg'
[1.239s] Level 1:colcon.colcon_core.package_identification:_identify(/home/miguel/2D_mapping/src/2d_mapping) by extensions ['colcon_meta']
[1.239s] Level 1:colcon.colcon_core.package_identification:_identify(/home/miguel/2D_mapping/src/2d_mapping) by extension 'colcon_meta'
[1.240s] Level 1:colcon.colcon_core.package_identification:_identify(/home/miguel/2D_mapping/src/2d_mapping) by extensions ['ros']
[1.240s] Level 1:colcon.colcon_core.package_identification:_identify(/home/miguel/2D_mapping/src/2d_mapping) by extension 'ros'
[1.247s] DEBUG:colcon.colcon_core.package_identification:Package '/home/miguel/2D_mapping/src/2d_mapping' with type 'ros.ament_python' and name '2d_mapping'
[1.247s] Level 1:colcon.colcon_core.package_discovery:discover_packages(recursive) using defaults
