[1.976s] DEBUG:colcon:Command line arguments: ['/usr/bin/colcon', 'build']
[1.977s] DEBUG:colcon:Parsed command line arguments: Namespace(log_base=None, log_level=None, verb_name='build', build_base='build', install_base='install', merge_install=False, symlink_install=False, test_result_base=None, continue_on_error=False, executor='parallel', parallel_workers=8, event_handlers=None, ignore_user_meta=False, metas=['./colcon.meta'], base_paths=['.'], packages_ignore=None, packages_ignore_regex=None, paths=None, packages_up_to=None, packages_up_to_regex=None, packages_above=None, packages_above_and_dependencies=None, packages_above_depth=None, packages_select_by_dep=None, packages_skip_by_dep=None, packages_skip_up_to=None, packages_select_build_failed=False, packages_skip_build_finished=False, packages_select_test_failures=False, packages_skip_test_passed=False, packages_select=None, packages_skip=None, packages_select_regex=None, packages_skip_regex=None, packages_start=None, packages_end=None, allow_overriding=[], cmake_args=None, cmake_target=None, cmake_target_skip_unavailable=False, cmake_clean_cache=False, cmake_clean_first=False, cmake_force_configure=False, ament_cmake_args=None, catkin_cmake_args=None, catkin_skip_building_tests=False, verb_parser=<colcon_defaults.argument_parser.defaults.DefaultArgumentsDecorator object at 0x7f362e1efdf0>, verb_extension=<colcon_core.verb.build.BuildVerb object at 0x7f362db5eda0>, main=<bound method BuildVerb.main of <colcon_core.verb.build.BuildVerb object at 0x7f362db5eda0>>)
[2.097s] Level 1:colcon.colcon_core.package_discovery:discover_packages(colcon_meta) check parameters
[2.098s] Level 1:colcon.colcon_core.package_discovery:discover_packages(recursive) check parameters
[2.098s] Level 1:colcon.colcon_core.package_discovery:discover_packages(ignore) check parameters
[2.099s] Level 1:colcon.colcon_core.package_discovery:discover_packages(path) check parameters
[2.099s] Level 1:colcon.colcon_core.package_discovery:discover_packages(colcon_meta) discover
[2.099s] Level 1:colcon.colcon_core.package_discovery:discover_packages(recursive) discover
[2.100s] INFO:colcon.colcon_core.package_discovery:Crawling recursively for packages in '/home/miguel/2D_mapping'
[2.100s] Level 1:colcon.colcon_core.package_identification:_identify(.) by extensions ['ignore', 'ignore_ament_install']
[2.101s] Level 1:colcon.colcon_core.package_identification:_identify(.) by extension 'ignore'
[2.101s] Level 1:colcon.colcon_core.package_identification:_identify(.) by extension 'ignore_ament_install'
[2.101s] Level 1:colcon.colcon_core.package_identification:_identify(.) by extensions ['colcon_pkg']
[2.101s] Level 1:colcon.colcon_core.package_identification:_identify(.) by extension 'colcon_pkg'
[2.101s] Level 1:colcon.colcon_core.package_identification:_identify(.) by extensions ['colcon_meta']
[2.101s] Level 1:colcon.colcon_core.package_identification:_identify(.) by extension 'colcon_meta'
[2.101s] Level 1:colcon.colcon_core.package_identification:_identify(.) by extensions ['ros']
[2.101s] Level 1:colcon.colcon_core.package_identification:_identify(.) by extension 'ros'
[2.158s] Level 1:colcon.colcon_core.package_identification:_identify(.) by extensions ['cmake', 'python']
[2.158s] Level 1:colcon.colcon_core.package_identification:_identify(.) by extension 'cmake'
[2.158s] Level 1:colcon.colcon_core.package_identification:_identify(.) by extension 'python'
[2.158s] Level 1:colcon.colcon_core.package_identification:_identify(.) by extensions ['python_setup_py']
[2.159s] Level 1:colcon.colcon_core.package_identification:_identify(.) by extension 'python_setup_py'
[2.160s] Level 1:colcon.colcon_core.package_identification:_identify(build) by extensions ['ignore', 'ignore_ament_install']
[2.161s] Level 1:colcon.colcon_core.package_identification:_identify(build) by extension 'ignore'
[2.162s] Level 1:colcon.colcon_core.package_identification:_identify(build) ignored
[2.163s] Level 1:colcon.colcon_core.package_identification:_identify(install) by extensions ['ignore', 'ignore_ament_install']
[2.163s] Level 1:colcon.colcon_core.package_identification:_identify(install) by extension 'ignore'
[2.163s] Level 1:colcon.colcon_core.package_identification:_identify(install) ignored
[2.164s] Level 1:colcon.colcon_core.package_identification:_identify(log) by extensions ['ignore', 'ignore_ament_install']
[2.164s] Level 1:colcon.colcon_core.package_identification:_identify(log) by extension 'ignore'
[2.164s] Level 1:colcon.colcon_core.package_identification:_identify(log) ignored
[2.164s] Level 1:colcon.colcon_core.package_identification:_identify(src) by extensions ['ignore', 'ignore_ament_install']
[2.164s] Level 1:colcon.colcon_core.package_identification:_identify(src) by extension 'ignore'
[2.165s] Level 1:colcon.colcon_core.package_identification:_identify(src) by extension 'ignore_ament_install'
[2.165s] Level 1:colcon.colcon_core.package_identification:_identify(src) by extensions ['colcon_pkg']
[2.165s] Level 1:colcon.colcon_core.package_identification:_identify(src) by extension 'colcon_pkg'
[2.165s] Level 1:colcon.colcon_core.package_identification:_identify(src) by extensions ['colcon_meta']
[2.165s] Level 1:colcon.colcon_core.package_identification:_identify(src) by extension 'colcon_meta'
[2.165s] Level 1:colcon.colcon_core.package_identification:_identify(src) by extensions ['ros']
[2.165s] Level 1:colcon.colcon_core.package_identification:_identify(src) by extension 'ros'
[2.165s] Level 1:colcon.colcon_core.package_identification:_identify(src) by extensions ['cmake', 'python']
[2.166s] Level 1:colcon.colcon_core.package_identification:_identify(src) by extension 'cmake'
[2.166s] Level 1:colcon.colcon_core.package_identification:_identify(src) by extension 'python'
[2.166s] Level 1:colcon.colcon_core.package_identification:_identify(src) by extensions ['python_setup_py']
[2.167s] Level 1:colcon.colcon_core.package_identification:_identify(src) by extension 'python_setup_py'
[2.168s] Level 1:colcon.colcon_core.package_identification:_identify(src/2d_mapping) by extensions ['ignore', 'ignore_ament_install']
[2.169s] Level 1:colcon.colcon_core.package_identification:_identify(src/2d_mapping) by extension 'ignore'
[2.169s] Level 1:colcon.colcon_core.package_identification:_identify(src/2d_mapping) by extension 'ignore_ament_install'
[2.169s] Level 1:colcon.colcon_core.package_identification:_identify(src/2d_mapping) by extensions ['colcon_pkg']
[2.169s] Level 1:colcon.colcon_core.package_identification:_identify(src/2d_mapping) by extension 'colcon_pkg'
[2.169s] Level 1:colcon.colcon_core.package_identification:_identify(src/2d_mapping) by extensions ['colcon_meta']
[2.170s] Level 1:colcon.colcon_core.package_identification:_identify(src/2d_mapping) by extension 'colcon_meta'
[2.170s] Level 1:colcon.colcon_core.package_identification:_identify(src/2d_mapping) by extensions ['ros']
[2.170s] Level 1:colcon.colcon_core.package_identification:_identify(src/2d_mapping) by extension 'ros'
[2.179s] DEBUG:colcon.colcon_core.package_identification:Package 'src/2d_mapping' with type 'ros.ament_python' and name '2d_mapping'
[2.179s] Level 1:colcon.colcon_core.package_discovery:discover_packages(recursive) using defaults
[2.179s] Level 1:colcon.colcon_core.package_discovery:discover_packages(ignore) discover
[2.180s] Level 1:colcon.colcon_core.package_discovery:discover_packages(ignore) using defaults
[2.180s] Level 1:colcon.colcon_core.package_discovery:discover_packages(path) discover
[2.180s] Level 1:colcon.colcon_core.package_discovery:discover_packages(path) using defaults
[2.292s] Level 1:colcon.colcon_core.package_discovery:discover_packages(prefix_path) check parameters
[2.292s] Level 1:colcon.colcon_core.package_discovery:discover_packages(prefix_path) discover
[2.305s] DEBUG:colcon.colcon_installed_package_information.package_discovery:Found 3 installed packages in /home/miguel/turtlebot3_ws/install
[2.311s] DEBUG:colcon.colcon_installed_package_information.package_discovery:Found 4 installed packages in /home/miguel/robos_autonomos/install
[2.323s] DEBUG:colcon.colcon_installed_package_information.package_discovery:Found 372 installed packages in /opt/ros/humble
[2.330s] Level 1:colcon.colcon_core.package_discovery:discover_packages(prefix_path) using defaults
[2.686s] Level 5:colcon.colcon_core.verb:set package '2d_mapping' build argument 'cmake_args' from command line to 'None'
[2.687s] Level 5:colcon.colcon_core.verb:set package '2d_mapping' build argument 'cmake_target' from command line to 'None'
[2.688s] Level 5:colcon.colcon_core.verb:set package '2d_mapping' build argument 'cmake_target_skip_unavailable' from command line to 'False'
[2.688s] Level 5:colcon.colcon_core.verb:set package '2d_mapping' build argument 'cmake_clean_cache' from command line to 'False'
[2.689s] Level 5:colcon.colcon_core.verb:set package '2d_mapping' build argument 'cmake_clean_first' from command line to 'False'
[2.689s] Level 5:colcon.colcon_core.verb:set package '2d_mapping' build argument 'cmake_force_configure' from command line to 'False'
[2.689s] Level 5:colcon.colcon_core.verb:set package '2d_mapping' build argument 'ament_cmake_args' from command line to 'None'
[2.690s] Level 5:colcon.colcon_core.verb:set package '2d_mapping' build argument 'catkin_cmake_args' from command line to 'None'
[2.690s] Level 5:colcon.colcon_core.verb:set package '2d_mapping' build argument 'catkin_skip_building_tests' from command line to 'False'
[2.690s] DEBUG:colcon.colcon_core.verb:Building package '2d_mapping' with the following arguments: {'ament_cmake_args': None, 'build_base': '/home/miguel/2D_mapping/build/2d_mapping', 'catkin_cmake_args': None, 'catkin_skip_building_tests': False, 'cmake_args': None, 'cmake_clean_cache': False, 'cmake_clean_first': False, 'cmake_force_configure': False, 'cmake_target': None, 'cmake_target_skip_unavailable': False, 'install_base': '/home/miguel/2D_mapping/install/2d_mapping', 'merge_install': False, 'path': '/home/miguel/2D_mapping/src/2d_mapping', 'symlink_install': False, 'test_result_base': None}
[2.692s] INFO:colcon.colcon_core.executor:Executing jobs using 'parallel' executor
[2.709s] DEBUG:colcon.colcon_parallel_executor.executor.parallel:run_until_complete
[2.711s] INFO:colcon.colcon_ros.task.ament_python.build:Building ROS package in '/home/miguel/2D_mapping/src/2d_mapping' with build type 'ament_python'
[2.711s] Level 1:colcon.colcon_core.shell:create_environment_hook('2d_mapping', 'ament_prefix_path')
[2.729s] INFO:colcon.colcon_core.plugin_system:Skipping extension 'colcon_core.shell.bat': Not used on non-Windows systems
[2.731s] INFO:colcon.colcon_core.shell:Creating environment hook '/home/miguel/2D_mapping/install/2d_mapping/share/2d_mapping/hook/ament_prefix_path.ps1'
[2.739s] INFO:colcon.colcon_core.shell:Creating environment descriptor '/home/miguel/2D_mapping/install/2d_mapping/share/2d_mapping/hook/ament_prefix_path.dsv'
[2.741s] INFO:colcon.colcon_core.shell:Creating environment hook '/home/miguel/2D_mapping/install/2d_mapping/share/2d_mapping/hook/ament_prefix_path.sh'
[2.748s] INFO:colcon.colcon_core.shell:Skip shell extension 'powershell' for command environment: Not usable outside of PowerShell
[2.749s] DEBUG:colcon.colcon_core.shell:Skip shell extension 'dsv' for command environment
[4.291s] INFO:colcon.colcon_core.task.python.build:Building Python package in '/home/miguel/2D_mapping/src/2d_mapping'
[4.302s] INFO:colcon.colcon_core.shell:Skip shell extension 'powershell' for command environment: Not usable outside of PowerShell
[4.302s] DEBUG:colcon.colcon_core.shell:Skip shell extension 'dsv' for command environment
[6.556s] DEBUG:colcon.colcon_core.event_handler.log_command:Invoking command in '/home/miguel/2D_mapping/src/2d_mapping': PYTHONPATH=/home/miguel/2D_mapping/build/2d_mapping/prefix_override:/home/miguel/2D_mapping/install/2d_mapping/lib/python3.10/site-packages:${PYTHONPATH} /usr/bin/python3 setup.py egg_info --egg-base ../../build/2d_mapping build --build-base /home/miguel/2D_mapping/build/2d_mapping/build install --record /home/miguel/2D_mapping/build/2d_mapping/install.log --single-version-externally-managed
[8.409s] DEBUG:colcon.colcon_core.event_handler.log_command:Invoked command in '/home/miguel/2D_mapping/src/2d_mapping' returned '0': PYTHONPATH=/home/miguel/2D_mapping/build/2d_mapping/prefix_override:/home/miguel/2D_mapping/install/2d_mapping/lib/python3.10/site-packages:${PYTHONPATH} /usr/bin/python3 setup.py egg_info --egg-base ../../build/2d_mapping build --build-base /home/miguel/2D_mapping/build/2d_mapping/build install --record /home/miguel/2D_mapping/build/2d_mapping/install.log --single-version-externally-managed
[8.440s] Level 1:colcon.colcon_core.environment:checking '/home/miguel/2D_mapping/install/2d_mapping' for CMake module files
[8.441s] Level 1:colcon.colcon_core.environment:checking '/home/miguel/2D_mapping/install/2d_mapping' for CMake config files
[8.445s] Level 1:colcon.colcon_core.environment:checking '/home/miguel/2D_mapping/install/2d_mapping/lib'
[8.445s] Level 1:colcon.colcon_core.environment:checking '/home/miguel/2D_mapping/install/2d_mapping/bin'
[8.445s] Level 1:colcon.colcon_core.environment:checking '/home/miguel/2D_mapping/install/2d_mapping/lib/pkgconfig/2d_mapping.pc'
[8.446s] Level 1:colcon.colcon_core.environment:checking '/home/miguel/2D_mapping/install/2d_mapping/lib/python3.10/site-packages'
[8.447s] Level 1:colcon.colcon_core.shell:create_environment_hook('2d_mapping', 'pythonpath')
[8.453s] INFO:colcon.colcon_core.shell:Creating environment hook '/home/miguel/2D_mapping/install/2d_mapping/share/2d_mapping/hook/pythonpath.ps1'
[8.454s] INFO:colcon.colcon_core.shell:Creating environment descriptor '/home/miguel/2D_mapping/install/2d_mapping/share/2d_mapping/hook/pythonpath.dsv'
[8.457s] INFO:colcon.colcon_core.shell:Creating environment hook '/home/miguel/2D_mapping/install/2d_mapping/share/2d_mapping/hook/pythonpath.sh'
[8.460s] Level 1:colcon.colcon_core.environment:checking '/home/miguel/2D_mapping/install/2d_mapping/bin'
[8.460s] Level 1:colcon.colcon_core.environment:create_environment_scripts_only(2d_mapping)
[8.466s] INFO:colcon.colcon_core.shell:Creating package script '/home/miguel/2D_mapping/install/2d_mapping/share/2d_mapping/package.ps1'
[8.471s] INFO:colcon.colcon_core.shell:Creating package descriptor '/home/miguel/2D_mapping/install/2d_mapping/share/2d_mapping/package.dsv'
[8.474s] INFO:colcon.colcon_core.shell:Creating package script '/home/miguel/2D_mapping/install/2d_mapping/share/2d_mapping/package.sh'
[8.479s] INFO:colcon.colcon_core.shell:Creating package script '/home/miguel/2D_mapping/install/2d_mapping/share/2d_mapping/package.bash'
[8.484s] INFO:colcon.colcon_core.shell:Creating package script '/home/miguel/2D_mapping/install/2d_mapping/share/2d_mapping/package.zsh'
[8.487s] Level 1:colcon.colcon_core.environment:create_file_with_runtime_dependencies(/home/miguel/2D_mapping/install/2d_mapping/share/colcon-core/packages/2d_mapping)
[8.488s] DEBUG:colcon.colcon_parallel_executor.executor.parallel:closing loop
[8.490s] DEBUG:colcon.colcon_parallel_executor.executor.parallel:loop closed
[8.491s] DEBUG:colcon.colcon_parallel_executor.executor.parallel:run_until_complete finished with '0'
[8.492s] DEBUG:colcon.colcon_core.event_reactor:joining thread
[8.519s] INFO:colcon.colcon_core.plugin_system:Skipping extension 'colcon_notification.desktop_notification.terminal_notifier': Not used on non-Darwin systems
[8.520s] INFO:colcon.colcon_core.plugin_system:Skipping extension 'colcon_notification.desktop_notification.win32': Not used on non-Windows systems
[8.520s] INFO:colcon.colcon_notification.desktop_notification:Sending desktop notification using 'notify2'
[8.579s] DEBUG:colcon.colcon_core.event_reactor:joined thread
[8.592s] INFO:colcon.colcon_core.shell:Creating prefix script '/home/miguel/2D_mapping/install/local_setup.ps1'
[8.600s] INFO:colcon.colcon_core.shell:Creating prefix util module '/home/miguel/2D_mapping/install/_local_setup_util_ps1.py'
[8.606s] INFO:colcon.colcon_core.shell:Creating prefix chain script '/home/miguel/2D_mapping/install/setup.ps1'
[8.615s] INFO:colcon.colcon_core.shell:Creating prefix script '/home/miguel/2D_mapping/install/local_setup.sh'
[8.620s] INFO:colcon.colcon_core.shell:Creating prefix util module '/home/miguel/2D_mapping/install/_local_setup_util_sh.py'
[8.621s] INFO:colcon.colcon_core.shell:Creating prefix chain script '/home/miguel/2D_mapping/install/setup.sh'
[8.633s] INFO:colcon.colcon_core.shell:Creating prefix script '/home/miguel/2D_mapping/install/local_setup.bash'
[8.636s] INFO:colcon.colcon_core.shell:Creating prefix chain script '/home/miguel/2D_mapping/install/setup.bash'
[8.645s] INFO:colcon.colcon_core.shell:Creating prefix script '/home/miguel/2D_mapping/install/local_setup.zsh'
[8.649s] INFO:colcon.colcon_core.shell:Creating prefix chain script '/home/miguel/2D_mapping/install/setup.zsh'
